<?xml version="1.0" encoding="UTF-8"?>
<!-- Generated by org.testng.reporters.JUnitXMLReporter -->
<testsuite hostname="RACD-002157" name="Test" tests="3" failures="0" timestamp="9 Aug 2019 10:08:56 GMT" time="18.022" errors="0">
  <testcase name="googleSearch" time="4.06" classname="Google.Go.SearchPage"/>
  <testcase name="verifyGoogleSearchTextBox" time="4.259" classname="Google.Go.SearchPage"/>
  <testcase name="verifyGitLabURL" time="5.382" classname="Google.Go.SearchPage"/>
</testsuite> <!-- Test -->
