<?xml version="1.0" encoding="UTF-8"?>
<testng-results skipped="0" failed="0" total="3" passed="3">
  <reporter-output>
  </reporter-output>
  <suite name="Suite" duration-ms="18022" started-at="2019-08-09T10:08:38Z" finished-at="2019-08-09T10:08:56Z">
    <groups>
    </groups>
    <test name="Test" duration-ms="18022" started-at="2019-08-09T10:08:38Z" finished-at="2019-08-09T10:08:56Z">
      <class name="Google.Go.SearchPage">
        <test-method status="PASS" signature="googleSearch()[pri:0, instance:Google.Go.SearchPage@b97c004]" name="googleSearch" duration-ms="4060" started-at="2019-08-09T15:38:38Z" finished-at="2019-08-09T15:38:43Z">
          <reporter-output>
          </reporter-output>
        </test-method> <!-- googleSearch -->
        <test-method status="PASS" signature="verifyGoogleSearchTextBox()[pri:0, instance:Google.Go.SearchPage@b97c004]" name="verifyGoogleSearchTextBox" duration-ms="4259" started-at="2019-08-09T15:38:43Z" finished-at="2019-08-09T15:38:47Z">
          <reporter-output>
          </reporter-output>
        </test-method> <!-- verifyGoogleSearchTextBox -->
        <test-method status="PASS" signature="verifyGitLabURL()[pri:0, instance:Google.Go.SearchPage@b97c004]" name="verifyGitLabURL" duration-ms="5382" started-at="2019-08-09T15:38:47Z" finished-at="2019-08-09T15:38:52Z">
          <reporter-output>
          </reporter-output>
        </test-method> <!-- verifyGitLabURL -->
        <test-method status="PASS" signature="closeBrowser()[pri:0, instance:Google.Go.SearchPage@b97c004]" name="closeBrowser" is-config="true" duration-ms="4311" started-at="2019-08-09T15:38:52Z" finished-at="2019-08-09T15:38:56Z">
          <reporter-output>
          </reporter-output>
        </test-method> <!-- closeBrowser -->
      </class> <!-- Google.Go.SearchPage -->
    </test> <!-- Test -->
  </suite> <!-- Suite -->
</testng-results>
