<?xml version="1.0" encoding="UTF-8"?>
<testng-results skipped="0" failed="0" total="3" passed="3">
  <reporter-output>
  </reporter-output>
  <suite name="Suite" duration-ms="16854" started-at="2019-08-09T12:41:30Z" finished-at="2019-08-09T12:41:47Z">
    <groups>
    </groups>
    <test name="Test" duration-ms="16854" started-at="2019-08-09T12:41:30Z" finished-at="2019-08-09T12:41:47Z">
      <class name="Google.Go.SearchPage">
        <test-method status="PASS" signature="googleSearch()[pri:0, instance:Google.Go.SearchPage@b97c004]" name="googleSearch" duration-ms="3869" started-at="2019-08-09T18:11:30Z" finished-at="2019-08-09T18:11:34Z">
          <reporter-output>
          </reporter-output>
        </test-method> <!-- googleSearch -->
        <test-method status="PASS" signature="verifyGoogleSearchTextBox()[pri:0, instance:Google.Go.SearchPage@b97c004]" name="verifyGoogleSearchTextBox" duration-ms="4053" started-at="2019-08-09T18:11:34Z" finished-at="2019-08-09T18:11:38Z">
          <reporter-output>
          </reporter-output>
        </test-method> <!-- verifyGoogleSearchTextBox -->
        <test-method status="PASS" signature="verifyGitLabURL()[pri:0, instance:Google.Go.SearchPage@b97c004]" name="verifyGitLabURL" duration-ms="4529" started-at="2019-08-09T18:11:38Z" finished-at="2019-08-09T18:11:43Z">
          <reporter-output>
          </reporter-output>
        </test-method> <!-- verifyGitLabURL -->
        <test-method status="PASS" signature="closeBrowser()[pri:0, instance:Google.Go.SearchPage@b97c004]" name="closeBrowser" is-config="true" duration-ms="4394" started-at="2019-08-09T18:11:43Z" finished-at="2019-08-09T18:11:47Z">
          <reporter-output>
          </reporter-output>
        </test-method> <!-- closeBrowser -->
      </class> <!-- Google.Go.SearchPage -->
    </test> <!-- Test -->
  </suite> <!-- Suite -->
</testng-results>
